This file contains any messages produced by compilers while
running configure, to aid debugging if configure makes a mistake.

It was created by crossnet_client configure 1.0, which was
generated by GNU Autoconf 2.69.  Invocation command line was

  $ ./configure 

## --------- ##
## Platform. ##
## --------- ##

hostname = david
uname -m = x86_64
uname -r = 3.10.0-514.el7.x86_64
uname -s = Linux
uname -v = #1 SMP Tue Nov 22 16:42:41 UTC 2016

/usr/bin/uname -p = x86_64
/bin/uname -X     = unknown

/bin/arch              = x86_64
/usr/bin/arch -k       = unknown
/usr/convex/getsysinfo = unknown
/usr/bin/hostinfo      = unknown
/bin/machine           = unknown
/usr/bin/oslevel       = unknown
/bin/universe          = unknown

PATH: /usr/local/bin
PATH: /usr/bin
PATH: /usr/local/sbin
PATH: /usr/sbin
PATH: /usr/local/go/bin
PATH: /home/david/.local/bin
PATH: /home/david/bin


## ----------- ##
## Core tests. ##
## ----------- ##

configure:2372: checking for a BSD-compatible install
configure:2440: result: /usr/bin/install -c
configure:2451: checking whether build environment is sane
configure:2506: result: yes
configure:2657: checking for a thread-safe mkdir -p
configure:2696: result: /usr/bin/mkdir -p
configure:2703: checking for gawk
configure:2719: found /usr/bin/gawk
configure:2730: result: gawk
configure:2741: checking whether make sets $(MAKE)
configure:2763: result: yes
configure:2792: checking whether make supports nested variables
configure:2809: result: yes
configure:2946: checking for gcc
configure:2962: found /usr/bin/gcc
configure:2973: result: gcc
configure:3202: checking for C compiler version
configure:3211: gcc --version >&5
gcc (GCC) 4.8.5 20150623 (Red Hat 4.8.5-28)
Copyright (C) 2015 Free Software Foundation, Inc.
This is free software; see the source for copying conditions.  There is NO
warranty; not even for MERCHANTABILITY or FITNESS FOR A PARTICULAR PURPOSE.

configure:3222: $? = 0
configure:3211: gcc -v >&5
Using built-in specs.
COLLECT_GCC=gcc
COLLECT_LTO_WRAPPER=/usr/libexec/gcc/x86_64-redhat-linux/4.8.5/lto-wrapper
Target: x86_64-redhat-linux
Configured with: ../configure --prefix=/usr --mandir=/usr/share/man --infodir=/usr/share/info --with-bugurl=http://bugzilla.redhat.com/bugzilla --enable-bootstrap --enable-shared --enable-threads=posix --enable-checking=release --with-system-zlib --enable-__cxa_atexit --disable-libunwind-exceptions --enable-gnu-unique-object --enable-linker-build-id --with-linker-hash-style=gnu --enable-languages=c,c++,objc,obj-c++,java,fortran,ada,go,lto --enable-plugin --enable-initfini-array --disable-libgcj --with-isl=/builddir/build/BUILD/gcc-4.8.5-20150702/obj-x86_64-redhat-linux/isl-install --with-cloog=/builddir/build/BUILD/gcc-4.8.5-20150702/obj-x86_64-redhat-linux/cloog-install --enable-gnu-indirect-function --with-tune=generic --with-arch_32=x86-64 --build=x86_64-redhat-linux
Thread model: posix
gcc version 4.8.5 20150623 (Red Hat 4.8.5-28) (GCC) 
configure:3222: $? = 0
configure:3211: gcc -V >&5
gcc: error: unrecognized command line option '-V'
gcc: fatal error: no input files
compilation terminated.
configure:3222: $? = 4
configure:3211: gcc -qversion >&5
gcc: error: unrecognized command line option '-qversion'
gcc: fatal error: no input files
compilation terminated.
configure:3222: $? = 4
configure:3242: checking whether the C compiler works
configure:3264: gcc    conftest.c  >&5
configure:3268: $? = 0
configure:3316: result: yes
configure:3319: checking for C compiler default output file name
configure:3321: result: a.out
configure:3327: checking for suffix of executables
configure:3334: gcc -o conftest    conftest.c  >&5
configure:3338: $? = 0
configure:3360: result: 
configure:3382: checking whether we are cross compiling
configure:3390: gcc -o conftest    conftest.c  >&5
configure:3394: $? = 0
configure:3401: ./conftest
configure:3405: $? = 0
configure:3420: result: no
configure:3425: checking for suffix of object files
configure:3447: gcc -c   conftest.c >&5
configure:3451: $? = 0
configure:3472: result: o
configure:3476: checking whether we are using the GNU C compiler
configure:3495: gcc -c   conftest.c >&5
configure:3495: $? = 0
configure:3504: result: yes
configure:3513: checking whether gcc accepts -g
configure:3533: gcc -c -g  conftest.c >&5
configure:3533: $? = 0
configure:3574: result: yes
configure:3591: checking for gcc option to accept ISO C89
configure:3654: gcc  -c -g -O2  conftest.c >&5
configure:3654: $? = 0
configure:3667: result: none needed
configure:3698: checking for style of include used by make
configure:3726: result: GNU
configure:3752: checking dependency style of gcc
configure:3863: result: gcc3
configure:3888: checking how to run the C preprocessor
configure:3919: gcc -E  conftest.c
configure:3919: $? = 0
configure:3933: gcc -E  conftest.c
conftest.c:11:28: fatal error: ac_nonexistent.h: No such file or directory
 #include <ac_nonexistent.h>
                            ^
compilation terminated.
configure:3933: $? = 1
configure: failed program was:
| /* confdefs.h */
| #define PACKAGE_NAME "crossnet_client"
| #define PACKAGE_TARNAME "crossnet_client"
| #define PACKAGE_VERSION "1.0"
| #define PACKAGE_STRING "crossnet_client 1.0"
| #define PACKAGE_BUGREPORT "lushan@126.com"
| #define PACKAGE_URL ""
| #define PACKAGE "crossnet_client"
| #define VERSION "1.0"
| /* end confdefs.h.  */
| #include <ac_nonexistent.h>
configure:3958: result: gcc -E
configure:3978: gcc -E  conftest.c
configure:3978: $? = 0
configure:3992: gcc -E  conftest.c
conftest.c:11:28: fatal error: ac_nonexistent.h: No such file or directory
 #include <ac_nonexistent.h>
                            ^
compilation terminated.
configure:3992: $? = 1
configure: failed program was:
| /* confdefs.h */
| #define PACKAGE_NAME "crossnet_client"
| #define PACKAGE_TARNAME "crossnet_client"
| #define PACKAGE_VERSION "1.0"
| #define PACKAGE_STRING "crossnet_client 1.0"
| #define PACKAGE_BUGREPORT "lushan@126.com"
| #define PACKAGE_URL ""
| #define PACKAGE "crossnet_client"
| #define VERSION "1.0"
| /* end confdefs.h.  */
| #include <ac_nonexistent.h>
configure:4021: checking for grep that handles long lines and -e
configure:4079: result: /usr/bin/grep
configure:4084: checking for egrep
configure:4146: result: /usr/bin/grep -E
configure:4151: checking for ANSI C header files
configure:4171: gcc -c -g -O2  conftest.c >&5
configure:4171: $? = 0
configure:4244: gcc -o conftest -g -O2   conftest.c  >&5
configure:4244: $? = 0
configure:4244: ./conftest
configure:4244: $? = 0
configure:4255: result: yes
configure:4268: checking for sys/types.h
configure:4268: gcc -c -g -O2  conftest.c >&5
configure:4268: $? = 0
configure:4268: result: yes
configure:4268: checking for sys/stat.h
configure:4268: gcc -c -g -O2  conftest.c >&5
configure:4268: $? = 0
configure:4268: result: yes
configure:4268: checking for stdlib.h
configure:4268: gcc -c -g -O2  conftest.c >&5
configure:4268: $? = 0
configure:4268: result: yes
configure:4268: checking for string.h
configure:4268: gcc -c -g -O2  conftest.c >&5
configure:4268: $? = 0
configure:4268: result: yes
configure:4268: checking for memory.h
configure:4268: gcc -c -g -O2  conftest.c >&5
configure:4268: $? = 0
configure:4268: result: yes
configure:4268: checking for strings.h
configure:4268: gcc -c -g -O2  conftest.c >&5
configure:4268: $? = 0
configure:4268: result: yes
configure:4268: checking for inttypes.h
configure:4268: gcc -c -g -O2  conftest.c >&5
configure:4268: $? = 0
configure:4268: result: yes
configure:4268: checking for stdint.h
configure:4268: gcc -c -g -O2  conftest.c >&5
configure:4268: $? = 0
configure:4268: result: yes
configure:4268: checking for unistd.h
configure:4268: gcc -c -g -O2  conftest.c >&5
configure:4268: $? = 0
configure:4268: result: yes
configure:4283: checking arpa/inet.h usability
configure:4283: gcc -c -g -O2  conftest.c >&5
configure:4283: $? = 0
configure:4283: result: yes
configure:4283: checking arpa/inet.h presence
configure:4283: gcc -E  conftest.c
configure:4283: $? = 0
configure:4283: result: yes
configure:4283: checking for arpa/inet.h
configure:4283: result: yes
configure:4283: checking fcntl.h usability
configure:4283: gcc -c -g -O2  conftest.c >&5
configure:4283: $? = 0
configure:4283: result: yes
configure:4283: checking fcntl.h presence
configure:4283: gcc -E  conftest.c
configure:4283: $? = 0
configure:4283: result: yes
configure:4283: checking for fcntl.h
configure:4283: result: yes
configure:4283: checking limits.h usability
configure:4283: gcc -c -g -O2  conftest.c >&5
configure:4283: $? = 0
configure:4283: result: yes
configure:4283: checking limits.h presence
configure:4283: gcc -E  conftest.c
configure:4283: $? = 0
configure:4283: result: yes
configure:4283: checking for limits.h
configure:4283: result: yes
configure:4283: checking netdb.h usability
configure:4283: gcc -c -g -O2  conftest.c >&5
configure:4283: $? = 0
configure:4283: result: yes
configure:4283: checking netdb.h presence
configure:4283: gcc -E  conftest.c
configure:4283: $? = 0
configure:4283: result: yes
configure:4283: checking for netdb.h
configure:4283: result: yes
configure:4283: checking netinet/in.h usability
configure:4283: gcc -c -g -O2  conftest.c >&5
configure:4283: $? = 0
configure:4283: result: yes
configure:4283: checking netinet/in.h presence
configure:4283: gcc -E  conftest.c
configure:4283: $? = 0
configure:4283: result: yes
configure:4283: checking for netinet/in.h
configure:4283: result: yes
configure:4283: checking stddef.h usability
configure:4283: gcc -c -g -O2  conftest.c >&5
configure:4283: $? = 0
configure:4283: result: yes
configure:4283: checking stddef.h presence
configure:4283: gcc -E  conftest.c
configure:4283: $? = 0
configure:4283: result: yes
configure:4283: checking for stddef.h
configure:4283: result: yes
configure:4283: checking for stdint.h
configure:4283: result: yes
configure:4283: checking for stdlib.h
configure:4283: result: yes
configure:4283: checking for string.h
configure:4283: result: yes
configure:4283: checking sys/ioctl.h usability
configure:4283: gcc -c -g -O2  conftest.c >&5
configure:4283: $? = 0
configure:4283: result: yes
configure:4283: checking sys/ioctl.h presence
configure:4283: gcc -E  conftest.c
configure:4283: $? = 0
configure:4283: result: yes
configure:4283: checking for sys/ioctl.h
configure:4283: result: yes
configure:4283: checking sys/socket.h usability
configure:4283: gcc -c -g -O2  conftest.c >&5
configure:4283: $? = 0
configure:4283: result: yes
configure:4283: checking sys/socket.h presence
configure:4283: gcc -E  conftest.c
configure:4283: $? = 0
configure:4283: result: yes
configure:4283: checking for sys/socket.h
configure:4283: result: yes
configure:4283: checking sys/time.h usability
configure:4283: gcc -c -g -O2  conftest.c >&5
configure:4283: $? = 0
configure:4283: result: yes
configure:4283: checking sys/time.h presence
configure:4283: gcc -E  conftest.c
configure:4283: $? = 0
configure:4283: result: yes
configure:4283: checking for sys/time.h
configure:4283: result: yes
configure:4283: checking syslog.h usability
configure:4283: gcc -c -g -O2  conftest.c >&5
configure:4283: $? = 0
configure:4283: result: yes
configure:4283: checking syslog.h presence
configure:4283: gcc -E  conftest.c
configure:4283: $? = 0
configure:4283: result: yes
configure:4283: checking for syslog.h
configure:4283: result: yes
configure:4283: checking for unistd.h
configure:4283: result: yes
configure:4295: checking for stdbool.h that conforms to C99
configure:4362: gcc -c -g -O2  conftest.c >&5
configure:4362: $? = 0
configure:4369: result: yes
configure:4371: checking for _Bool
configure:4371: gcc -c -g -O2  conftest.c >&5
configure:4371: $? = 0
configure:4371: gcc -c -g -O2  conftest.c >&5
conftest.c: In function 'main':
conftest.c:71:20: error: expected expression before ')' token
 if (sizeof ((_Bool)))
                    ^
configure:4371: $? = 1
configure: failed program was:
| /* confdefs.h */
| #define PACKAGE_NAME "crossnet_client"
| #define PACKAGE_TARNAME "crossnet_client"
| #define PACKAGE_VERSION "1.0"
| #define PACKAGE_STRING "crossnet_client 1.0"
| #define PACKAGE_BUGREPORT "lushan@126.com"
| #define PACKAGE_URL ""
| #define PACKAGE "crossnet_client"
| #define VERSION "1.0"
| #define STDC_HEADERS 1
| #define HAVE_SYS_TYPES_H 1
| #define HAVE_SYS_STAT_H 1
| #define HAVE_STDLIB_H 1
| #define HAVE_STRING_H 1
| #define HAVE_MEMORY_H 1
| #define HAVE_STRINGS_H 1
| #define HAVE_INTTYPES_H 1
| #define HAVE_STDINT_H 1
| #define HAVE_UNISTD_H 1
| #define HAVE_ARPA_INET_H 1
| #define HAVE_FCNTL_H 1
| #define HAVE_LIMITS_H 1
| #define HAVE_NETDB_H 1
| #define HAVE_NETINET_IN_H 1
| #define HAVE_STDDEF_H 1
| #define HAVE_STDINT_H 1
| #define HAVE_STDLIB_H 1
| #define HAVE_STRING_H 1
| #define HAVE_SYS_IOCTL_H 1
| #define HAVE_SYS_SOCKET_H 1
| #define HAVE_SYS_TIME_H 1
| #define HAVE_SYSLOG_H 1
| #define HAVE_UNISTD_H 1
| /* end confdefs.h.  */
| #include <stdio.h>
| #ifdef HAVE_SYS_TYPES_H
| # include <sys/types.h>
| #endif
| #ifdef HAVE_SYS_STAT_H
| # include <sys/stat.h>
| #endif
| #ifdef STDC_HEADERS
| # include <stdlib.h>
| # include <stddef.h>
| #else
| # ifdef HAVE_STDLIB_H
| #  include <stdlib.h>
| # endif
| #endif
| #ifdef HAVE_STRING_H
| # if !defined STDC_HEADERS && defined HAVE_MEMORY_H
| #  include <memory.h>
| # endif
| # include <string.h>
| #endif
| #ifdef HAVE_STRINGS_H
| # include <strings.h>
| #endif
| #ifdef HAVE_INTTYPES_H
| # include <inttypes.h>
| #endif
| #ifdef HAVE_STDINT_H
| # include <stdint.h>
| #endif
| #ifdef HAVE_UNISTD_H
| # include <unistd.h>
| #endif
| int
| main ()
| {
| if (sizeof ((_Bool)))
| 	    return 0;
|   ;
|   return 0;
| }
configure:4371: result: yes
configure:4382: checking for inline
configure:4398: gcc -c -g -O2  conftest.c >&5
configure:4398: $? = 0
configure:4406: result: inline
configure:4424: checking for int32_t
configure:4424: gcc -c -g -O2  conftest.c >&5
configure:4424: $? = 0
configure:4424: gcc -c -g -O2  conftest.c >&5
conftest.c: In function 'main':
conftest.c:74:53: warning: integer overflow in expression [-Woverflow]
    < (int32_t) (((((int32_t) 1 << N) << N) - 1) * 2 + 2))];
                                                     ^
conftest.c:73:12: error: storage size of 'test_array' isn't constant
 static int test_array [1 - 2 * !((int32_t) (((((int32_t) 1 << N) << N) - 1) * 2 + 1)
            ^
configure:4424: $? = 1
configure: failed program was:
| /* confdefs.h */
| #define PACKAGE_NAME "crossnet_client"
| #define PACKAGE_TARNAME "crossnet_client"
| #define PACKAGE_VERSION "1.0"
| #define PACKAGE_STRING "crossnet_client 1.0"
| #define PACKAGE_BUGREPORT "lushan@126.com"
| #define PACKAGE_URL ""
| #define PACKAGE "crossnet_client"
| #define VERSION "1.0"
| #define STDC_HEADERS 1
| #define HAVE_SYS_TYPES_H 1
| #define HAVE_SYS_STAT_H 1
| #define HAVE_STDLIB_H 1
| #define HAVE_STRING_H 1
| #define HAVE_MEMORY_H 1
| #define HAVE_STRINGS_H 1
| #define HAVE_INTTYPES_H 1
| #define HAVE_STDINT_H 1
| #define HAVE_UNISTD_H 1
| #define HAVE_ARPA_INET_H 1
| #define HAVE_FCNTL_H 1
| #define HAVE_LIMITS_H 1
| #define HAVE_NETDB_H 1
| #define HAVE_NETINET_IN_H 1
| #define HAVE_STDDEF_H 1
| #define HAVE_STDINT_H 1
| #define HAVE_STDLIB_H 1
| #define HAVE_STRING_H 1
| #define HAVE_SYS_IOCTL_H 1
| #define HAVE_SYS_SOCKET_H 1
| #define HAVE_SYS_TIME_H 1
| #define HAVE_SYSLOG_H 1
| #define HAVE_UNISTD_H 1
| #define HAVE__BOOL 1
| /* end confdefs.h.  */
| #include <stdio.h>
| #ifdef HAVE_SYS_TYPES_H
| # include <sys/types.h>
| #endif
| #ifdef HAVE_SYS_STAT_H
| # include <sys/stat.h>
| #endif
| #ifdef STDC_HEADERS
| # include <stdlib.h>
| # include <stddef.h>
| #else
| # ifdef HAVE_STDLIB_H
| #  include <stdlib.h>
| # endif
| #endif
| #ifdef HAVE_STRING_H
| # if !defined STDC_HEADERS && defined HAVE_MEMORY_H
| #  include <memory.h>
| # endif
| # include <string.h>
| #endif
| #ifdef HAVE_STRINGS_H
| # include <strings.h>
| #endif
| #ifdef HAVE_INTTYPES_H
| # include <inttypes.h>
| #endif
| #ifdef HAVE_STDINT_H
| # include <stdint.h>
| #endif
| #ifdef HAVE_UNISTD_H
| # include <unistd.h>
| #endif
| 	        enum { N = 32 / 2 - 1 };
| int
| main ()
| {
| static int test_array [1 - 2 * !((int32_t) (((((int32_t) 1 << N) << N) - 1) * 2 + 1)
| 		 < (int32_t) (((((int32_t) 1 << N) << N) - 1) * 2 + 2))];
| test_array [0] = 0;
| return test_array [0];
| 
|   ;
|   return 0;
| }
configure:4424: result: yes
configure:4435: checking for size_t
configure:4435: gcc -c -g -O2  conftest.c >&5
configure:4435: $? = 0
configure:4435: gcc -c -g -O2  conftest.c >&5
conftest.c: In function 'main':
conftest.c:72:21: error: expected expression before ')' token
 if (sizeof ((size_t)))
                     ^
configure:4435: $? = 1
configure: failed program was:
| /* confdefs.h */
| #define PACKAGE_NAME "crossnet_client"
| #define PACKAGE_TARNAME "crossnet_client"
| #define PACKAGE_VERSION "1.0"
| #define PACKAGE_STRING "crossnet_client 1.0"
| #define PACKAGE_BUGREPORT "lushan@126.com"
| #define PACKAGE_URL ""
| #define PACKAGE "crossnet_client"
| #define VERSION "1.0"
| #define STDC_HEADERS 1
| #define HAVE_SYS_TYPES_H 1
| #define HAVE_SYS_STAT_H 1
| #define HAVE_STDLIB_H 1
| #define HAVE_STRING_H 1
| #define HAVE_MEMORY_H 1
| #define HAVE_STRINGS_H 1
| #define HAVE_INTTYPES_H 1
| #define HAVE_STDINT_H 1
| #define HAVE_UNISTD_H 1
| #define HAVE_ARPA_INET_H 1
| #define HAVE_FCNTL_H 1
| #define HAVE_LIMITS_H 1
| #define HAVE_NETDB_H 1
| #define HAVE_NETINET_IN_H 1
| #define HAVE_STDDEF_H 1
| #define HAVE_STDINT_H 1
| #define HAVE_STDLIB_H 1
| #define HAVE_STRING_H 1
| #define HAVE_SYS_IOCTL_H 1
| #define HAVE_SYS_SOCKET_H 1
| #define HAVE_SYS_TIME_H 1
| #define HAVE_SYSLOG_H 1
| #define HAVE_UNISTD_H 1
| #define HAVE__BOOL 1
| /* end confdefs.h.  */
| #include <stdio.h>
| #ifdef HAVE_SYS_TYPES_H
| # include <sys/types.h>
| #endif
| #ifdef HAVE_SYS_STAT_H
| # include <sys/stat.h>
| #endif
| #ifdef STDC_HEADERS
| # include <stdlib.h>
| # include <stddef.h>
| #else
| # ifdef HAVE_STDLIB_H
| #  include <stdlib.h>
| # endif
| #endif
| #ifdef HAVE_STRING_H
| # if !defined STDC_HEADERS && defined HAVE_MEMORY_H
| #  include <memory.h>
| # endif
| # include <string.h>
| #endif
| #ifdef HAVE_STRINGS_H
| # include <strings.h>
| #endif
| #ifdef HAVE_INTTYPES_H
| # include <inttypes.h>
| #endif
| #ifdef HAVE_STDINT_H
| # include <stdint.h>
| #endif
| #ifdef HAVE_UNISTD_H
| # include <unistd.h>
| #endif
| int
| main ()
| {
| if (sizeof ((size_t)))
| 	    return 0;
|   ;
|   return 0;
| }
configure:4435: result: yes
configure:4446: checking for ssize_t
configure:4446: gcc -c -g -O2  conftest.c >&5
configure:4446: $? = 0
configure:4446: gcc -c -g -O2  conftest.c >&5
conftest.c: In function 'main':
conftest.c:72:22: error: expected expression before ')' token
 if (sizeof ((ssize_t)))
                      ^
configure:4446: $? = 1
configure: failed program was:
| /* confdefs.h */
| #define PACKAGE_NAME "crossnet_client"
| #define PACKAGE_TARNAME "crossnet_client"
| #define PACKAGE_VERSION "1.0"
| #define PACKAGE_STRING "crossnet_client 1.0"
| #define PACKAGE_BUGREPORT "lushan@126.com"
| #define PACKAGE_URL ""
| #define PACKAGE "crossnet_client"
| #define VERSION "1.0"
| #define STDC_HEADERS 1
| #define HAVE_SYS_TYPES_H 1
| #define HAVE_SYS_STAT_H 1
| #define HAVE_STDLIB_H 1
| #define HAVE_STRING_H 1
| #define HAVE_MEMORY_H 1
| #define HAVE_STRINGS_H 1
| #define HAVE_INTTYPES_H 1
| #define HAVE_STDINT_H 1
| #define HAVE_UNISTD_H 1
| #define HAVE_ARPA_INET_H 1
| #define HAVE_FCNTL_H 1
| #define HAVE_LIMITS_H 1
| #define HAVE_NETDB_H 1
| #define HAVE_NETINET_IN_H 1
| #define HAVE_STDDEF_H 1
| #define HAVE_STDINT_H 1
| #define HAVE_STDLIB_H 1
| #define HAVE_STRING_H 1
| #define HAVE_SYS_IOCTL_H 1
| #define HAVE_SYS_SOCKET_H 1
| #define HAVE_SYS_TIME_H 1
| #define HAVE_SYSLOG_H 1
| #define HAVE_UNISTD_H 1
| #define HAVE__BOOL 1
| /* end confdefs.h.  */
| #include <stdio.h>
| #ifdef HAVE_SYS_TYPES_H
| # include <sys/types.h>
| #endif
| #ifdef HAVE_SYS_STAT_H
| # include <sys/stat.h>
| #endif
| #ifdef STDC_HEADERS
| # include <stdlib.h>
| # include <stddef.h>
| #else
| # ifdef HAVE_STDLIB_H
| #  include <stdlib.h>
| # endif
| #endif
| #ifdef HAVE_STRING_H
| # if !defined STDC_HEADERS && defined HAVE_MEMORY_H
| #  include <memory.h>
| # endif
| # include <string.h>
| #endif
| #ifdef HAVE_STRINGS_H
| # include <strings.h>
| #endif
| #ifdef HAVE_INTTYPES_H
| # include <inttypes.h>
| #endif
| #ifdef HAVE_STDINT_H
| # include <stdint.h>
| #endif
| #ifdef HAVE_UNISTD_H
| # include <unistd.h>
| #endif
| int
| main ()
| {
| if (sizeof ((ssize_t)))
| 	    return 0;
|   ;
|   return 0;
| }
configure:4446: result: yes
configure:4457: checking for uint16_t
configure:4457: gcc -c -g -O2  conftest.c >&5
configure:4457: $? = 0
configure:4457: result: yes
configure:4469: checking for uint32_t
configure:4469: gcc -c -g -O2  conftest.c >&5
configure:4469: $? = 0
configure:4469: result: yes
configure:4483: checking for uint64_t
configure:4483: gcc -c -g -O2  conftest.c >&5
configure:4483: $? = 0
configure:4483: result: yes
configure:4497: checking for uint8_t
configure:4497: gcc -c -g -O2  conftest.c >&5
configure:4497: $? = 0
configure:4497: result: yes
configure:4513: checking for pid_t
configure:4513: gcc -c -g -O2  conftest.c >&5
configure:4513: $? = 0
configure:4513: gcc -c -g -O2  conftest.c >&5
conftest.c: In function 'main':
conftest.c:72:20: error: expected expression before ')' token
 if (sizeof ((pid_t)))
                    ^
configure:4513: $? = 1
configure: failed program was:
| /* confdefs.h */
| #define PACKAGE_NAME "crossnet_client"
| #define PACKAGE_TARNAME "crossnet_client"
| #define PACKAGE_VERSION "1.0"
| #define PACKAGE_STRING "crossnet_client 1.0"
| #define PACKAGE_BUGREPORT "lushan@126.com"
| #define PACKAGE_URL ""
| #define PACKAGE "crossnet_client"
| #define VERSION "1.0"
| #define STDC_HEADERS 1
| #define HAVE_SYS_TYPES_H 1
| #define HAVE_SYS_STAT_H 1
| #define HAVE_STDLIB_H 1
| #define HAVE_STRING_H 1
| #define HAVE_MEMORY_H 1
| #define HAVE_STRINGS_H 1
| #define HAVE_INTTYPES_H 1
| #define HAVE_STDINT_H 1
| #define HAVE_UNISTD_H 1
| #define HAVE_ARPA_INET_H 1
| #define HAVE_FCNTL_H 1
| #define HAVE_LIMITS_H 1
| #define HAVE_NETDB_H 1
| #define HAVE_NETINET_IN_H 1
| #define HAVE_STDDEF_H 1
| #define HAVE_STDINT_H 1
| #define HAVE_STDLIB_H 1
| #define HAVE_STRING_H 1
| #define HAVE_SYS_IOCTL_H 1
| #define HAVE_SYS_SOCKET_H 1
| #define HAVE_SYS_TIME_H 1
| #define HAVE_SYSLOG_H 1
| #define HAVE_UNISTD_H 1
| #define HAVE__BOOL 1
| /* end confdefs.h.  */
| #include <stdio.h>
| #ifdef HAVE_SYS_TYPES_H
| # include <sys/types.h>
| #endif
| #ifdef HAVE_SYS_STAT_H
| # include <sys/stat.h>
| #endif
| #ifdef STDC_HEADERS
| # include <stdlib.h>
| # include <stddef.h>
| #else
| # ifdef HAVE_STDLIB_H
| #  include <stdlib.h>
| # endif
| #endif
| #ifdef HAVE_STRING_H
| # if !defined STDC_HEADERS && defined HAVE_MEMORY_H
| #  include <memory.h>
| # endif
| # include <string.h>
| #endif
| #ifdef HAVE_STRINGS_H
| # include <strings.h>
| #endif
| #ifdef HAVE_INTTYPES_H
| # include <inttypes.h>
| #endif
| #ifdef HAVE_STDINT_H
| # include <stdint.h>
| #endif
| #ifdef HAVE_UNISTD_H
| # include <unistd.h>
| #endif
| int
| main ()
| {
| if (sizeof ((pid_t)))
| 	    return 0;
|   ;
|   return 0;
| }
configure:4513: result: yes
configure:4526: checking vfork.h usability
configure:4526: gcc -c -g -O2  conftest.c >&5
conftest.c:69:19: fatal error: vfork.h: No such file or directory
 #include <vfork.h>
                   ^
compilation terminated.
configure:4526: $? = 1
configure: failed program was:
| /* confdefs.h */
| #define PACKAGE_NAME "crossnet_client"
| #define PACKAGE_TARNAME "crossnet_client"
| #define PACKAGE_VERSION "1.0"
| #define PACKAGE_STRING "crossnet_client 1.0"
| #define PACKAGE_BUGREPORT "lushan@126.com"
| #define PACKAGE_URL ""
| #define PACKAGE "crossnet_client"
| #define VERSION "1.0"
| #define STDC_HEADERS 1
| #define HAVE_SYS_TYPES_H 1
| #define HAVE_SYS_STAT_H 1
| #define HAVE_STDLIB_H 1
| #define HAVE_STRING_H 1
| #define HAVE_MEMORY_H 1
| #define HAVE_STRINGS_H 1
| #define HAVE_INTTYPES_H 1
| #define HAVE_STDINT_H 1
| #define HAVE_UNISTD_H 1
| #define HAVE_ARPA_INET_H 1
| #define HAVE_FCNTL_H 1
| #define HAVE_LIMITS_H 1
| #define HAVE_NETDB_H 1
| #define HAVE_NETINET_IN_H 1
| #define HAVE_STDDEF_H 1
| #define HAVE_STDINT_H 1
| #define HAVE_STDLIB_H 1
| #define HAVE_STRING_H 1
| #define HAVE_SYS_IOCTL_H 1
| #define HAVE_SYS_SOCKET_H 1
| #define HAVE_SYS_TIME_H 1
| #define HAVE_SYSLOG_H 1
| #define HAVE_UNISTD_H 1
| #define HAVE__BOOL 1
| /* end confdefs.h.  */
| #include <stdio.h>
| #ifdef HAVE_SYS_TYPES_H
| # include <sys/types.h>
| #endif
| #ifdef HAVE_SYS_STAT_H
| # include <sys/stat.h>
| #endif
| #ifdef STDC_HEADERS
| # include <stdlib.h>
| # include <stddef.h>
| #else
| # ifdef HAVE_STDLIB_H
| #  include <stdlib.h>
| # endif
| #endif
| #ifdef HAVE_STRING_H
| # if !defined STDC_HEADERS && defined HAVE_MEMORY_H
| #  include <memory.h>
| # endif
| # include <string.h>
| #endif
| #ifdef HAVE_STRINGS_H
| # include <strings.h>
| #endif
| #ifdef HAVE_INTTYPES_H
| # include <inttypes.h>
| #endif
| #ifdef HAVE_STDINT_H
| # include <stdint.h>
| #endif
| #ifdef HAVE_UNISTD_H
| # include <unistd.h>
| #endif
| #include <vfork.h>
configure:4526: result: no
configure:4526: checking vfork.h presence
configure:4526: gcc -E  conftest.c
conftest.c:36:19: fatal error: vfork.h: No such file or directory
 #include <vfork.h>
                   ^
compilation terminated.
configure:4526: $? = 1
configure: failed program was:
| /* confdefs.h */
| #define PACKAGE_NAME "crossnet_client"
| #define PACKAGE_TARNAME "crossnet_client"
| #define PACKAGE_VERSION "1.0"
| #define PACKAGE_STRING "crossnet_client 1.0"
| #define PACKAGE_BUGREPORT "lushan@126.com"
| #define PACKAGE_URL ""
| #define PACKAGE "crossnet_client"
| #define VERSION "1.0"
| #define STDC_HEADERS 1
| #define HAVE_SYS_TYPES_H 1
| #define HAVE_SYS_STAT_H 1
| #define HAVE_STDLIB_H 1
| #define HAVE_STRING_H 1
| #define HAVE_MEMORY_H 1
| #define HAVE_STRINGS_H 1
| #define HAVE_INTTYPES_H 1
| #define HAVE_STDINT_H 1
| #define HAVE_UNISTD_H 1
| #define HAVE_ARPA_INET_H 1
| #define HAVE_FCNTL_H 1
| #define HAVE_LIMITS_H 1
| #define HAVE_NETDB_H 1
| #define HAVE_NETINET_IN_H 1
| #define HAVE_STDDEF_H 1
| #define HAVE_STDINT_H 1
| #define HAVE_STDLIB_H 1
| #define HAVE_STRING_H 1
| #define HAVE_SYS_IOCTL_H 1
| #define HAVE_SYS_SOCKET_H 1
| #define HAVE_SYS_TIME_H 1
| #define HAVE_SYSLOG_H 1
| #define HAVE_UNISTD_H 1
| #define HAVE__BOOL 1
| /* end confdefs.h.  */
| #include <vfork.h>
configure:4526: result: no
configure:4526: checking for vfork.h
configure:4526: result: no
configure:4539: checking for fork
configure:4539: gcc -o conftest -g -O2   conftest.c  >&5
conftest.c:59:6: warning: conflicting types for built-in function 'fork' [enabled by default]
 char fork ();
      ^
configure:4539: $? = 0
configure:4539: result: yes
configure:4539: checking for vfork
configure:4539: gcc -o conftest -g -O2   conftest.c  >&5
configure:4539: $? = 0
configure:4539: result: yes
configure:4549: checking for working fork
configure:4571: gcc -o conftest -g -O2   conftest.c  >&5
configure:4571: $? = 0
configure:4571: ./conftest
configure:4571: $? = 0
configure:4581: result: yes
configure:4602: checking for working vfork
configure:4712: result: yes
configure:4739: checking for stdlib.h
configure:4739: result: yes
configure:4749: checking for GNU libc compatible malloc
configure:4773: gcc -o conftest -g -O2   conftest.c  >&5
configure:4773: $? = 0
configure:4773: ./conftest
configure:4773: $? = 0
configure:4783: result: yes
configure:4807: checking for bzero
configure:4807: gcc -o conftest -g -O2   conftest.c  >&5
conftest.c:65:6: warning: conflicting types for built-in function 'bzero' [enabled by default]
 char bzero ();
      ^
configure:4807: $? = 0
configure:4807: result: yes
configure:4807: checking for dup2
configure:4807: gcc -o conftest -g -O2   conftest.c  >&5
configure:4807: $? = 0
configure:4807: result: yes
configure:4807: checking for gethostbyname
configure:4807: gcc -o conftest -g -O2   conftest.c  >&5
configure:4807: $? = 0
configure:4807: result: yes
configure:4807: checking for gettimeofday
configure:4807: gcc -o conftest -g -O2   conftest.c  >&5
configure:4807: $? = 0
configure:4807: result: yes
configure:4807: checking for localtime_r
configure:4807: gcc -o conftest -g -O2   conftest.c  >&5
configure:4807: $? = 0
configure:4807: result: yes
configure:4807: checking for memchr
configure:4807: gcc -o conftest -g -O2   conftest.c  >&5
conftest.c:70:6: warning: conflicting types for built-in function 'memchr' [enabled by default]
 char memchr ();
      ^
configure:4807: $? = 0
configure:4807: result: yes
configure:4807: checking for memset
configure:4807: gcc -o conftest -g -O2   conftest.c  >&5
conftest.c:71:6: warning: conflicting types for built-in function 'memset' [enabled by default]
 char memset ();
      ^
configure:4807: $? = 0
configure:4807: result: yes
configure:4807: checking for socket
configure:4807: gcc -o conftest -g -O2   conftest.c  >&5
configure:4807: $? = 0
configure:4807: result: yes
configure:4807: checking for strchr
configure:4807: gcc -o conftest -g -O2   conftest.c  >&5
conftest.c:73:6: warning: conflicting types for built-in function 'strchr' [enabled by default]
 char strchr ();
      ^
configure:4807: $? = 0
configure:4807: result: yes
configure:4807: checking for strerror
configure:4807: gcc -o conftest -g -O2   conftest.c  >&5
configure:4807: $? = 0
configure:4807: result: yes
configure:4928: checking that generated files are newer than configure
configure:4934: result: done
configure:4957: creating ./config.status

## ---------------------- ##
## Running config.status. ##
## ---------------------- ##

This file was extended by crossnet_client config.status 1.0, which was
generated by GNU Autoconf 2.69.  Invocation command line was

  CONFIG_FILES    = 
  CONFIG_HEADERS  = 
  CONFIG_LINKS    = 
  CONFIG_COMMANDS = 
  $ ./config.status 

on david

config.status:883: creating Makefile
config.status:883: creating config.h
config.status:1064: config.h is unchanged
config.status:1112: executing depfiles commands

## ---------------- ##
## Cache variables. ##
## ---------------- ##

ac_cv_c_compiler_gnu=yes
ac_cv_c_inline=inline
ac_cv_c_int32_t=yes
ac_cv_c_uint16_t=yes
ac_cv_c_uint32_t=yes
ac_cv_c_uint64_t=yes
ac_cv_c_uint8_t=yes
ac_cv_env_CC_set=
ac_cv_env_CC_value=
ac_cv_env_CFLAGS_set=
ac_cv_env_CFLAGS_value=
ac_cv_env_CPPFLAGS_set=
ac_cv_env_CPPFLAGS_value=
ac_cv_env_CPP_set=
ac_cv_env_CPP_value=
ac_cv_env_LDFLAGS_set=
ac_cv_env_LDFLAGS_value=
ac_cv_env_LIBS_set=
ac_cv_env_LIBS_value=
ac_cv_env_build_alias_set=
ac_cv_env_build_alias_value=
ac_cv_env_host_alias_set=
ac_cv_env_host_alias_value=
ac_cv_env_target_alias_set=
ac_cv_env_target_alias_value=
ac_cv_func_bzero=yes
ac_cv_func_dup2=yes
ac_cv_func_fork=yes
ac_cv_func_fork_works=yes
ac_cv_func_gethostbyname=yes
ac_cv_func_gettimeofday=yes
ac_cv_func_localtime_r=yes
ac_cv_func_malloc_0_nonnull=yes
ac_cv_func_memchr=yes
ac_cv_func_memset=yes
ac_cv_func_socket=yes
ac_cv_func_strchr=yes
ac_cv_func_strerror=yes
ac_cv_func_vfork=yes
ac_cv_func_vfork_works=yes
ac_cv_header_arpa_inet_h=yes
ac_cv_header_fcntl_h=yes
ac_cv_header_inttypes_h=yes
ac_cv_header_limits_h=yes
ac_cv_header_memory_h=yes
ac_cv_header_netdb_h=yes
ac_cv_header_netinet_in_h=yes
ac_cv_header_stdbool_h=yes
ac_cv_header_stdc=yes
ac_cv_header_stddef_h=yes
ac_cv_header_stdint_h=yes
ac_cv_header_stdlib_h=yes
ac_cv_header_string_h=yes
ac_cv_header_strings_h=yes
ac_cv_header_sys_ioctl_h=yes
ac_cv_header_sys_socket_h=yes
ac_cv_header_sys_stat_h=yes
ac_cv_header_sys_time_h=yes
ac_cv_header_sys_types_h=yes
ac_cv_header_syslog_h=yes
ac_cv_header_unistd_h=yes
ac_cv_header_vfork_h=no
ac_cv_objext=o
ac_cv_path_EGREP='/usr/bin/grep -E'
ac_cv_path_GREP=/usr/bin/grep
ac_cv_path_install='/usr/bin/install -c'
ac_cv_path_mkdir=/usr/bin/mkdir
ac_cv_prog_AWK=gawk
ac_cv_prog_CPP='gcc -E'
ac_cv_prog_ac_ct_CC=gcc
ac_cv_prog_cc_c89=
ac_cv_prog_cc_g=yes
ac_cv_prog_make_make_set=yes
ac_cv_type__Bool=yes
ac_cv_type_pid_t=yes
ac_cv_type_size_t=yes
ac_cv_type_ssize_t=yes
am_cv_CC_dependencies_compiler_type=gcc3
am_cv_make_support_nested_variables=yes

## ----------------- ##
## Output variables. ##
## ----------------- ##

ACLOCAL='${SHELL} /home/david/crossnet_client/missing aclocal-1.13'
AMDEPBACKSLASH='\'
AMDEP_FALSE='#'
AMDEP_TRUE=''
AMTAR='$${TAR-tar}'
AM_BACKSLASH='\'
AM_DEFAULT_V='$(AM_DEFAULT_VERBOSITY)'
AM_DEFAULT_VERBOSITY='1'
AM_V='$(V)'
AUTOCONF='${SHELL} /home/david/crossnet_client/missing autoconf'
AUTOHEADER='${SHELL} /home/david/crossnet_client/missing autoheader'
AUTOMAKE='${SHELL} /home/david/crossnet_client/missing automake-1.13'
AWK='gawk'
CC='gcc'
CCDEPMODE='depmode=gcc3'
CFLAGS='-g -O2'
CPP='gcc -E'
CPPFLAGS=''
CYGPATH_W='echo'
DEFS='-DHAVE_CONFIG_H'
DEPDIR='.deps'
ECHO_C=''
ECHO_N='-n'
ECHO_T=''
EGREP='/usr/bin/grep -E'
EXEEXT=''
GREP='/usr/bin/grep'
INSTALL_DATA='${INSTALL} -m 644'
INSTALL_PROGRAM='${INSTALL}'
INSTALL_SCRIPT='${INSTALL}'
INSTALL_STRIP_PROGRAM='$(install_sh) -c -s'
LDFLAGS=''
LIBOBJS=''
LIBS=''
LTLIBOBJS=''
MAKEINFO='${SHELL} /home/david/crossnet_client/missing makeinfo'
MKDIR_P='/usr/bin/mkdir -p'
OBJEXT='o'
PACKAGE='crossnet_client'
PACKAGE_BUGREPORT='lushan@126.com'
PACKAGE_NAME='crossnet_client'
PACKAGE_STRING='crossnet_client 1.0'
PACKAGE_TARNAME='crossnet_client'
PACKAGE_URL=''
PACKAGE_VERSION='1.0'
PATH_SEPARATOR=':'
SET_MAKE=''
SHELL='/bin/sh'
STRIP=''
VERSION='1.0'
ac_ct_CC='gcc'
am__EXEEXT_FALSE=''
am__EXEEXT_TRUE='#'
am__fastdepCC_FALSE='#'
am__fastdepCC_TRUE=''
am__include='include'
am__isrc=''
am__leading_dot='.'
am__nodep='_no'
am__quote=''
am__tar='$${TAR-tar} chof - "$$tardir"'
am__untar='$${TAR-tar} xf -'
bindir='${exec_prefix}/bin'
build_alias=''
datadir='${datarootdir}'
datarootdir='${prefix}/share'
docdir='${datarootdir}/doc/${PACKAGE_TARNAME}'
dvidir='${docdir}'
exec_prefix='${prefix}'
host_alias=''
htmldir='${docdir}'
includedir='${prefix}/include'
infodir='${datarootdir}/info'
install_sh='${SHELL} /home/david/crossnet_client/install-sh'
libdir='${exec_prefix}/lib'
libexecdir='${exec_prefix}/libexec'
localedir='${datarootdir}/locale'
localstatedir='${prefix}/var'
mandir='${datarootdir}/man'
mkdir_p='$(MKDIR_P)'
oldincludedir='/usr/include'
pdfdir='${docdir}'
prefix='/usr/local'
program_transform_name='s,x,x,'
psdir='${docdir}'
sbindir='${exec_prefix}/sbin'
sharedstatedir='${prefix}/com'
sysconfdir='${prefix}/etc'
target_alias=''

## ----------- ##
## confdefs.h. ##
## ----------- ##

/* confdefs.h */
#define PACKAGE_NAME "crossnet_client"
#define PACKAGE_TARNAME "crossnet_client"
#define PACKAGE_VERSION "1.0"
#define PACKAGE_STRING "crossnet_client 1.0"
#define PACKAGE_BUGREPORT "lushan@126.com"
#define PACKAGE_URL ""
#define PACKAGE "crossnet_client"
#define VERSION "1.0"
#define STDC_HEADERS 1
#define HAVE_SYS_TYPES_H 1
#define HAVE_SYS_STAT_H 1
#define HAVE_STDLIB_H 1
#define HAVE_STRING_H 1
#define HAVE_MEMORY_H 1
#define HAVE_STRINGS_H 1
#define HAVE_INTTYPES_H 1
#define HAVE_STDINT_H 1
#define HAVE_UNISTD_H 1
#define HAVE_ARPA_INET_H 1
#define HAVE_FCNTL_H 1
#define HAVE_LIMITS_H 1
#define HAVE_NETDB_H 1
#define HAVE_NETINET_IN_H 1
#define HAVE_STDDEF_H 1
#define HAVE_STDINT_H 1
#define HAVE_STDLIB_H 1
#define HAVE_STRING_H 1
#define HAVE_SYS_IOCTL_H 1
#define HAVE_SYS_SOCKET_H 1
#define HAVE_SYS_TIME_H 1
#define HAVE_SYSLOG_H 1
#define HAVE_UNISTD_H 1
#define HAVE__BOOL 1
#define HAVE_FORK 1
#define HAVE_VFORK 1
#define HAVE_WORKING_VFORK 1
#define HAVE_WORKING_FORK 1
#define HAVE_STDLIB_H 1
#define HAVE_MALLOC 1
#define HAVE_BZERO 1
#define HAVE_DUP2 1
#define HAVE_GETHOSTBYNAME 1
#define HAVE_GETTIMEOFDAY 1
#define HAVE_LOCALTIME_R 1
#define HAVE_MEMCHR 1
#define HAVE_MEMSET 1
#define HAVE_SOCKET 1
#define HAVE_STRCHR 1
#define HAVE_STRERROR 1

configure: exit 0
